Start testing: Apr 13 19:22 UTC
----------------------------------------------------------
1/3 Testing: kat_selftest
1/3 Test: kat_selftest
Command: "/workspace/build/test_kat"
Directory: /workspace/build
"kat_selftest" start time: Apr 13 19:22 UTC
Output:
----------------------------------------------------------
Running Known Answer Tests...
[PASS] SHA-512
[PASS] Poly1305
[PASS] Curve25519
[PASS] Ed25519
[PASS] SecretBox
[PASS] Box

KAT Results: 6/6 passed
<end of output>
Test time =   0.06 sec
----------------------------------------------------------
Test Passed.
"kat_selftest" end time: Apr 13 19:22 UTC
"kat_selftest" time elapsed: 00:00:00
----------------------------------------------------------

2/3 Testing: FipsCavp
2/3 Test: FipsCavp
Command: "/workspace/build/test_cavp"
Directory: /workspace/build
"FipsCavp" start time: Apr 13 19:22 UTC
Output:
----------------------------------------------------------
=== FIPS CAVP Tests ===

--- SHA-512 ---
[PASS] SHA-512("abc")
[PASS] SHA-512("")
[PASS] SHA-512(long msg)

--- SHA-512/256, SHA-512/224 ---
[PASS] SHA-512/256("abc") runs
[PASS] SHA-512/224("abc") runs

--- Ed25519ctx ---
[PASS] Ed25519ctx sign
[PASS] Ed25519ctx verify
[PASS] Ed25519ctx message match

--- Ed25519ph ---
[PASS] Ed25519ph sign
[PASS] Ed25519ph verify
[PASS] Ed25519ph returns 64-byte prehash

--- FIPS Self-Test ---
[PASS] Power-on selftest
[PASS] FIPS mode query
[PASS] FIPS version string

=== FIPS CAVP Results: 14/14 passed ===
<end of output>
Test time =   0.30 sec
----------------------------------------------------------
Test Passed.
"FipsCavp" end time: Apr 13 19:22 UTC
"FipsCavp" time elapsed: 00:00:00
----------------------------------------------------------

3/3 Testing: OriginalTests
3/3 Test: OriginalTests
Command: "/workspace/build/tests/test_original"
Directory: /workspace/build/tests
"OriginalTests" start time: Apr 13 19:22 UTC
Output:
----------------------------------------------------------
========================================
TweetNaCl Unit Tests
Architecture: x86_64
========================================

=== Testing Architecture Detection ===
[PASS] Architecture name is defined
Detected architecture: x86_64
[PASS] x86_64 flag set
[PASS] Little endian detected
[PASS] HAVE_NATIVE_UINT64 defined

=== Testing Random Bytes Generation ===
[PASS] Random bytes generated (non-zero)
[PASS] Random bytes have variation
Random sample 1: ebe2a73389fdd882bce63b50b400d1fd59d878b8dda557989fb2e4613c891ac8

=== Testing SHA512 Hash ===
[PASS] Hash is deterministic
[PASS] Different messages produce different hashes
SHA512 hash: 3dc65483e28aa0205ea795b501445dbff31438e137cce5f9e3f05b8b63e96630...

=== Testing Secret Box (Symmetric Encryption) ===
[PASS] Encryption succeeds
[PASS] Decryption succeeds
[PASS] Decrypted message matches original
[PASS] Wrong key fails decryption

=== Testing Crypto Box (Asymmetric Encryption) ===
[PASS] Box encryption succeeds
[PASS] Box decryption succeeds
[PASS] Decrypted message matches
Public Key 1: 312c8236a116c0a02c9e0c7c79344260abdbb2f723a992ba271e958d5a00b534
Public Key 2: e63e3e38798fc44e895090c310c59519ac377a7464ab0ae465fee861a1f1724f

=== Testing Digital Signatures ===
[PASS] Signing succeeds
[PASS] Signature length correct
[PASS] Verification succeeds
[PASS] Verified message length correct
[PASS] Verified message matches
[PASS] Tampered signature detection
Signing Public Key: 1129df4e1cbc56aa05a7e9365b90c76e44a555d0c327237aa836da528401c14c

=== Testing Scalar Multiplication ===
[PASS] Scalar mult base succeeds
[PASS] Scalar mult base deterministic
Scalar mult result: bc9053af4a611f0464ce473eeea2d5c3ab7b74ed98a3adf979e4b4956981bd07

=== Testing PQC Interface ===
[PASS] PQC get params succeeds
[PASS] KYBER768 has valid public key size
[PASS] KYBER768 has valid secret key size
PQC Algorithm: KYBER768 - NIST Level 3 KEM
  Public key size: 1184
  Secret key size: 2400
[PASS] PQC keygen succeeds
[PASS] PQC encapsulation succeeds
[PASS] PQC decapsulation succeeds
[PASS] PQC signing interface works
[PASS] PQC verification interface works

=== Testing Hybrid Cryptography ===
[PASS] Hybrid keygen succeeds
[PASS] Hybrid public key has reasonable size
[PASS] Hybrid secret key has reasonable size
Hybrid public key size: 1216
Hybrid secret key size: 2432
[PASS] Hybrid encapsulation succeeds
[PASS] Hybrid decapsulation succeeds

=== Testing Error Handling ===
[PASS] Invalid algorithm returns error
[PASS] NULL public key returns error
[PASS] NULL secret key returns error
[PASS] Small buffer returns error
[PASS] Error string conversion works
[PASS] Error string for invalid param

=== Testing Basic Performance ===
100 SHA512 hashes of 1KB: 0.0046 seconds
[PASS] Hash performance reasonable

=== Testing Secure Memory Operations ===
[TEST] secure_memset basic functionality... [PASS]
[TEST] secure_zero clears sensitive data... [PASS]
[TEST] safe_memcpy bounds checking... [PASS]
[TEST] safe_memcpy NULL pointer handling... [PASS]
[TEST] secure_memcmp constant-time comparison... [PASS]
[TEST] safe_strcpy null termination - SKIPPED... [PASS]
[TEST] safe_strcpy truncation with small buffer - SKIPPED... [PASS]
[TEST] safe_add_size overflow detection... [PASS]
[TEST] safe_mul_size overflow detection - SKIPPED... [PASS]
[TEST] validate_index bounds checking - SKIPPED... [PASS]
[TEST] constant_time_select operation... [PASS]
[TEST] secure_memory_lock/unlock - SKIPPED... [PASS]
[TEST] safe_range_check validation... [PASS]

Secure Memory Tests: 13/13 passed

========================================
Test Summary
========================================
Total tests: 56
Passed: 56
Failed: 0
========================================
<end of output>
Test time =   0.16 sec
----------------------------------------------------------
Test Passed.
"OriginalTests" end time: Apr 13 19:22 UTC
"OriginalTests" time elapsed: 00:00:00
----------------------------------------------------------

End testing: Apr 13 19:22 UTC
